Arguments: 
  /usr/local/bin/node /usr/local/bin/yarn dep

PATH: 
  /usr/local/bin:/usr/bin:/bin:/usr/sbin:/sbin:/usr/local/go/bin:/opt/X11/bin:/Library/Apple/usr/bin:/Library/Frameworks/Mono.framework/Versions/Current/Commands

Yarn version: 
  1.22.18

Node version: 
  16.10.0

Platform: 
  darwin x64

Trace: 
  SyntaxError: /Users/chakraprod/Downloads/NFTSalesv2-main/package.json: Unexpected string in JSON at position 221
      at JSON.parse (<anonymous>)
      at /usr/local/lib/node_modules/yarn/lib/cli.js:1625:59
      at Generator.next (<anonymous>)
      at step (/usr/local/lib/node_modules/yarn/lib/cli.js:310:30)
      at /usr/local/lib/node_modules/yarn/lib/cli.js:321:13

npm manifest: 
  {
    "name": "salesbotv2",
    "version": "1.0.0",
    "description": "",
    "main": "main.js",
    "scripts": {
      "start": "node main",
      "test": "echo \"Error: no test specified\" && exit 1"
    },"dep": "babel src -d lib"
    "keywords": [],
    "author": "",
    "license": "ISC",
    "dependencies": {
      "@discordjs/builders": "^0.6.0",
      "@discordjs/rest": "^0.1.0-canary.0",
      "discord-api-types": "^0.23.1",
      "discord.js": "^13.1.0",
      "ethers": "^5.5.1",
      "superagent": "^6.1.0"
    }
  }

yarn manifest: 
  No manifest

Lockfile: 
  No lockfile
